<?xml version="1.0" encoding="UTF-8"?>
<!-- Generated by org.testng.reporters.JUnitXMLReporter -->
<testsuite ignored="0" hostname="Kiranghosh" failures="0" tests="4" name="Default test" time="61.045" errors="0" timestamp="2024-06-15T13:11:25 IST">
  <testcase classname="org.test.CURA_WebApplication" name="tc1" time="4.752"/>
  <testcase classname="org.test.CURA_WebApplication" name="tc2" time="13.177"/>
  <testcase classname="org.test.CURA_WebApplication" name="tc3" time="9.176"/>
  <testcase classname="org.test.CURA_WebApplication" name="tc4" time="13.66"/>
</testsuite> <!-- Default test -->
