<?xml version="1.0" encoding="UTF-8"?>
<testng-results ignored="0" total="2" passed="2" failed="0" skipped="0">
  <reporter-output>
  </reporter-output>
  <suite started-at="2024-06-14T16:59:04 IST" name="Default suite" finished-at="2024-06-14T16:59:38 IST" duration-ms="34598">
    <groups>
    </groups>
    <test started-at="2024-06-14T16:59:04 IST" name="Default test" finished-at="2024-06-14T16:59:38 IST" duration-ms="34598">
      <class name="org.test.CURA_WebApplication">
        <test-method is-config="true" signature="openBrowser()[pri:0, instance:org.test.CURA_WebApplication@7e7be63f]" started-at="2024-06-14T16:59:04 IST" name="openBrowser" finished-at="2024-06-14T16:59:13 IST" duration-ms="9082" status="PASS">
          <reporter-output>
          </reporter-output>
        </test-method> <!-- openBrowser -->
        <test-method signature="tc1()[pri:0, instance:org.test.CURA_WebApplication@7e7be63f]" started-at="2024-06-14T16:59:13 IST" name="tc1" finished-at="2024-06-14T16:59:18 IST" duration-ms="5316" status="PASS">
          <reporter-output>
          </reporter-output>
        </test-method> <!-- tc1 -->
        <test-method is-config="true" signature="closeBrowser()[pri:0, instance:org.test.CURA_WebApplication@7e7be63f]" started-at="2024-06-14T16:59:18 IST" name="closeBrowser" finished-at="2024-06-14T16:59:22 IST" duration-ms="3291" status="PASS">
          <reporter-output>
          </reporter-output>
        </test-method> <!-- closeBrowser -->
        <test-method is-config="true" signature="openBrowser()[pri:0, instance:org.test.CURA_WebApplication@7e7be63f]" started-at="2024-06-14T16:59:22 IST" name="openBrowser" finished-at="2024-06-14T16:59:23 IST" duration-ms="957" status="PASS">
          <reporter-output>
          </reporter-output>
        </test-method> <!-- openBrowser -->
        <test-method signature="tc2()[pri:1, instance:org.test.CURA_WebApplication@7e7be63f]" started-at="2024-06-14T16:59:23 IST" name="tc2" finished-at="2024-06-14T16:59:35 IST" duration-ms="12624" status="PASS">
          <reporter-output>
          </reporter-output>
        </test-method> <!-- tc2 -->
        <test-method is-config="true" signature="closeBrowser()[pri:0, instance:org.test.CURA_WebApplication@7e7be63f]" started-at="2024-06-14T16:59:35 IST" name="closeBrowser" finished-at="2024-06-14T16:59:38 IST" duration-ms="3278" status="PASS">
          <reporter-output>
          </reporter-output>
        </test-method> <!-- closeBrowser -->
      </class> <!-- org.test.CURA_WebApplication -->
    </test> <!-- Default test -->
  </suite> <!-- Default suite -->
</testng-results>
